<!DOCTYPE html>

<html>
  <head>
  <meta charset='utf-8'>
  <title>TestNG reports</title>

    <link type="text/css" href="testng-reports1.css" rel="stylesheet" id="ultra" />
    <link type="text/css" href="testng-reports.css" rel="stylesheet" id="retro" disabled="false"/>
    <script type="text/javascript" src="jquery.min.js"></script>
    <script type="text/javascript" src="testng-reports.js"></script>
    <script type="text/javascript" src="https://www.google.com/jsapi"></script>
    <script type='text/javascript'>
      google.load('visualization', '1', {packages:['table']});
      google.setOnLoadCallback(drawTable);
      var suiteTableInitFunctions = new Array();
      var suiteTableData = new Array();
    </script>
    <!--
      <script type="text/javascript" src="jquery-ui/js/jquery-ui-1.8.16.custom.min.js"></script>
     -->
  </head>

  <body>
    <div class="top-banner-root">
      <span class="top-banner-title-font">Test results</span>
      <button id="button" class="button">Switch Retro Theme</button> <!-- button -->
      <br/>
      <span class="top-banner-font-1">1 suite, 2 failed tests</span>
    </div> <!-- top-banner-root -->
    <div class="navigator-root">
      <div class="navigator-suite-header">
        <span>All suites</span>
        <a href="#" title="Collapse/expand all the suites" class="collapse-all-link">
          <img src="collapseall.gif" class="collapse-all-icon">
          </img> <!-- collapse-all-icon -->
        </a> <!-- collapse-all-link -->
      </div> <!-- navigator-suite-header -->
      <div class="suite">
        <div class="rounded-window">
          <div class="suite-header light-rounded-window-top">
            <a href="#" panel-name="suite-Guru_Project_test" class="navigator-link">
              <span class="suite-name border-failed">Guru Project test</span>
            </a> <!-- navigator-link -->
          </div> <!-- suite-header light-rounded-window-top -->
          <div class="navigator-suite-content">
            <div class="suite-section-title">
              <span>Info</span>
            </div> <!-- suite-section-title -->
            <div class="suite-section-content">
              <ul>
                <li>
                  <a href="#" panel-name="test-xml-Guru_Project_test" class="navigator-link ">
                    <span>E:\workspace\GuruProject\testng.xml</span>
                  </a> <!-- navigator-link  -->
                </li>
                <li>
                  <a href="#" panel-name="testlist-Guru_Project_test" class="navigator-link ">
                    <span class="test-stats">1 test</span>
                  </a> <!-- navigator-link  -->
                </li>
                <li>
                  <a href="#" panel-name="group-Guru_Project_test" class="navigator-link ">
                    <span>0 groups</span>
                  </a> <!-- navigator-link  -->
                </li>
                <li>
                  <a href="#" panel-name="times-Guru_Project_test" class="navigator-link ">
                    <span>Times</span>
                  </a> <!-- navigator-link  -->
                </li>
                <li>
                  <a href="#" panel-name="reporter-Guru_Project_test" class="navigator-link ">
                    <span>Reporter output</span>
                  </a> <!-- navigator-link  -->
                </li>
                <li>
                  <a href="#" panel-name="ignored-methods-Guru_Project_test" class="navigator-link ">
                    <span>Ignored methods</span>
                  </a> <!-- navigator-link  -->
                </li>
                <li>
                  <a href="#" panel-name="chronological-Guru_Project_test" class="navigator-link ">
                    <span>Chronological view</span>
                  </a> <!-- navigator-link  -->
                </li>
              </ul>
            </div> <!-- suite-section-content -->
            <div class="result-section">
              <div class="suite-section-title">
                <span>Results</span>
              </div> <!-- suite-section-title -->
              <div class="suite-section-content">
                <ul>
                  <li>
                    <span class="method-stats">6 methods, 2 failed,   4 passed</span>
                  </li>
                  <li>
                    <span class="method-list-title failed">Failed methods</span>
                    <span class="show-or-hide-methods failed">
                      <a href="#" panel-name="suite-Guru_Project_test" class="hide-methods failed suite-Guru_Project_test"> (hide)</a> <!-- hide-methods failed suite-Guru_Project_test -->
                      <a href="#" panel-name="suite-Guru_Project_test" class="show-methods failed suite-Guru_Project_test"> (show)</a> <!-- show-methods failed suite-Guru_Project_test -->
                    </span>
                    <div class="method-list-content failed suite-Guru_Project_test">
                      <span>
                        <img src="failed.png" width="3%"/>
                        <a href="#" panel-name="suite-Guru_Project_test" title="com.guru.testcases.LoginPageTest" class="method navigator-link" hash-for-method="LoginTest(mngr344718, xxxx)">LoginTest(mngr344718, xxxx)</a> <!-- method navigator-link -->
                      </span>
                      <br/>
                      <span>
                        <img src="failed.png" width="3%"/>
                        <a href="#" panel-name="suite-Guru_Project_test" title="com.guru.testcases.LoginPageTest" class="method navigator-link" hash-for-method="LoginTest(xxx, ydAgyme)">LoginTest(xxx, ydAgyme)</a> <!-- method navigator-link -->
                      </span>
                      <br/>
                    </div> <!-- method-list-content failed suite-Guru_Project_test -->
                  </li>
                  <li>
                    <span class="method-list-title passed">Passed methods</span>
                    <span class="show-or-hide-methods passed">
                      <a href="#" panel-name="suite-Guru_Project_test" class="hide-methods passed suite-Guru_Project_test"> (hide)</a> <!-- hide-methods passed suite-Guru_Project_test -->
                      <a href="#" panel-name="suite-Guru_Project_test" class="show-methods passed suite-Guru_Project_test"> (show)</a> <!-- show-methods passed suite-Guru_Project_test -->
                    </span>
                    <div class="method-list-content passed suite-Guru_Project_test">
                      <span>
                        <img src="passed.png" width="3%"/>
                        <a href="#" panel-name="suite-Guru_Project_test" title="com.guru.testcases.LoginPageTest" class="method navigator-link" hash-for-method="LoginTest(mngr344718, ydAgyme)">LoginTest(mngr344718, ydAgyme)</a> <!-- method navigator-link -->
                      </span>
                      <br/>
                      <span>
                        <img src="passed.png" width="3%"/>
                        <a href="#" panel-name="suite-Guru_Project_test" title="com.guru.testcases.LoginPageTest" class="method navigator-link" hash-for-method="LogoTest">LogoTest</a> <!-- method navigator-link -->
                      </span>
                      <br/>
                      <span>
                        <img src="passed.png" width="3%"/>
                        <a href="#" panel-name="suite-Guru_Project_test" title="com.guru.testcases.LoginPageTest" class="method navigator-link" hash-for-method="TitleTest">TitleTest</a> <!-- method navigator-link -->
                      </span>
                      <br/>
                      <span>
                        <img src="passed.png" width="3%"/>
                        <a href="#" panel-name="suite-Guru_Project_test" title="com.guru.testcases.LoginPageTest" class="method navigator-link" hash-for-method="URLTest">URLTest</a> <!-- method navigator-link -->
                      </span>
                      <br/>
                    </div> <!-- method-list-content passed suite-Guru_Project_test -->
                  </li>
                </ul>
              </div> <!-- suite-section-content -->
            </div> <!-- result-section -->
          </div> <!-- navigator-suite-content -->
        </div> <!-- rounded-window -->
      </div> <!-- suite -->
    </div> <!-- navigator-root -->
    <div class="wrapper">
      <div class="main-panel-root">
        <div panel-name="suite-Guru_Project_test" class="panel Guru_Project_test">
          <div class="suite-Guru_Project_test-class-failed">
            <div class="main-panel-header rounded-window-top">
              <img src="failed.png"/>
              <span class="class-name">com.guru.testcases.LoginPageTest</span>
            </div> <!-- main-panel-header rounded-window-top -->
            <div class="main-panel-content rounded-window-bottom">
              <div class="method">
                <div class="method-content">
                  <a name="LoginTest(mngr344718, xxxx)">
                  </a> <!-- LoginTest(mngr344718, xxxx) -->
                  <span class="method-name">LoginTest</span>
                  <span class="parameters">(mngr344718, xxxx)</span>
                  <div class="stack-trace">org.openqa.selenium.UnhandledAlertException: unexpected alert open: {Alert text : User or Password is not valid}
  (Session info: chrome=92.0.4515.131): User or Password is not valid
Build info: version: &apos;3.141.59&apos;, revision: &apos;e82be7d358&apos;, time: &apos;2018-11-14T08:25:48&apos;
System info: host: &apos;DESKTOP-64K5226&apos;, ip: &apos;192.168.1.6&apos;, os.name: &apos;Windows 10&apos;, os.arch: &apos;amd64&apos;, os.version: &apos;10.0&apos;, java.version: &apos;16.0.1&apos;
Driver info: org.openqa.selenium.chrome.ChromeDriver
Capabilities {acceptInsecureCerts: false, browserName: chrome, browserVersion: 92.0.4515.131, chrome: {chromedriverVersion: 91.0.4472.101 (af52a90bf870..., userDataDir: C:\Users\eslam\AppData\Loca...}, goog:chromeOptions: {debuggerAddress: localhost:56960}, javascriptEnabled: true, networkConnectionEnabled: false, pageLoadStrategy: normal, platform: WINDOWS, platformName: WINDOWS, proxy: Proxy(), setWindowRect: true, strictFileInteractability: false, timeouts: {implicit: 0, pageLoad: 300000, script: 30000}, unhandledPromptBehavior: dismiss and notify, webauthn:extension:largeBlob: true, webauthn:virtualAuthenticators: true}
Session ID: a6f4f82918d70ee27dae80ac8bdde0f9
*** Element info: {Using=xpath, value=//*[contains(text(),usernametext)]}
	at org.openqa.selenium.remote.http.W3CHttpResponseCodec.decode(W3CHttpResponseCodec.java:120)
	at org.openqa.selenium.remote.http.W3CHttpResponseCodec.decode(W3CHttpResponseCodec.java:49)
	at org.openqa.selenium.remote.HttpCommandExecutor.execute(HttpCommandExecutor.java:158)
	at org.openqa.selenium.remote.service.DriverCommandExecutor.execute(DriverCommandExecutor.java:83)
	at org.openqa.selenium.remote.RemoteWebDriver.execute(RemoteWebDriver.java:552)
	at org.openqa.selenium.remote.RemoteWebDriver.findElement(RemoteWebDriver.java:323)
	at org.openqa.selenium.remote.RemoteWebDriver.findElementByXPath(RemoteWebDriver.java:428)
	at org.openqa.selenium.By$ByXPath.findElement(By.java:353)
	at org.openqa.selenium.remote.RemoteWebDriver.findElement(RemoteWebDriver.java:315)
	at org.openqa.selenium.support.events.EventFiringWebDriver.lambda$new$1(EventFiringWebDriver.java:105)
	at jdk.proxy2/jdk.proxy2.$Proxy14.findElement(Unknown Source)
	at org.openqa.selenium.support.events.EventFiringWebDriver.findElement(EventFiringWebDriver.java:194)
	at org.openqa.selenium.support.pagefactory.DefaultElementLocator.findElement(DefaultElementLocator.java:69)
	at org.openqa.selenium.support.pagefactory.internal.LocatingElementHandler.invoke(LocatingElementHandler.java:38)
	at jdk.proxy2/jdk.proxy2.$Proxy18.isDisplayed(Unknown Source)
	at com.guru.pages.LoginPage.confirm(LoginPage.java:55)
	at com.guru.testcases.LoginPageTest.LoginTest(LoginPageTest.java:97)
	at java.base/java.util.ArrayList.forEach(ArrayList.java:1511)
... Removed 31 stack frames
</div> <!-- stack-trace -->
                </div> <!-- method-content -->
              </div> <!-- method -->
              <div class="method">
                <div class="method-content">
                  <a name="LoginTest(xxx, ydAgyme)">
                  </a> <!-- LoginTest(xxx, ydAgyme) -->
                  <span class="method-name">LoginTest</span>
                  <span class="parameters">(xxx, ydAgyme)</span>
                  <div class="stack-trace">org.openqa.selenium.UnhandledAlertException: unexpected alert open: {Alert text : User or Password is not valid}
  (Session info: chrome=92.0.4515.131): User or Password is not valid
Build info: version: &apos;3.141.59&apos;, revision: &apos;e82be7d358&apos;, time: &apos;2018-11-14T08:25:48&apos;
System info: host: &apos;DESKTOP-64K5226&apos;, ip: &apos;192.168.1.6&apos;, os.name: &apos;Windows 10&apos;, os.arch: &apos;amd64&apos;, os.version: &apos;10.0&apos;, java.version: &apos;16.0.1&apos;
Driver info: org.openqa.selenium.chrome.ChromeDriver
Capabilities {acceptInsecureCerts: false, browserName: chrome, browserVersion: 92.0.4515.131, chrome: {chromedriverVersion: 91.0.4472.101 (af52a90bf870..., userDataDir: C:\Users\eslam\AppData\Loca...}, goog:chromeOptions: {debuggerAddress: localhost:51577}, javascriptEnabled: true, networkConnectionEnabled: false, pageLoadStrategy: normal, platform: WINDOWS, platformName: WINDOWS, proxy: Proxy(), setWindowRect: true, strictFileInteractability: false, timeouts: {implicit: 0, pageLoad: 300000, script: 30000}, unhandledPromptBehavior: dismiss and notify, webauthn:extension:largeBlob: true, webauthn:virtualAuthenticators: true}
Session ID: 53a82dc6a7e696e29c9c9a182dcd4470
*** Element info: {Using=xpath, value=//*[contains(text(),usernametext)]}
	at org.openqa.selenium.remote.http.W3CHttpResponseCodec.decode(W3CHttpResponseCodec.java:120)
	at org.openqa.selenium.remote.http.W3CHttpResponseCodec.decode(W3CHttpResponseCodec.java:49)
	at org.openqa.selenium.remote.HttpCommandExecutor.execute(HttpCommandExecutor.java:158)
	at org.openqa.selenium.remote.service.DriverCommandExecutor.execute(DriverCommandExecutor.java:83)
	at org.openqa.selenium.remote.RemoteWebDriver.execute(RemoteWebDriver.java:552)
	at org.openqa.selenium.remote.RemoteWebDriver.findElement(RemoteWebDriver.java:323)
	at org.openqa.selenium.remote.RemoteWebDriver.findElementByXPath(RemoteWebDriver.java:428)
	at org.openqa.selenium.By$ByXPath.findElement(By.java:353)
	at org.openqa.selenium.remote.RemoteWebDriver.findElement(RemoteWebDriver.java:315)
	at org.openqa.selenium.support.events.EventFiringWebDriver.lambda$new$1(EventFiringWebDriver.java:105)
	at jdk.proxy2/jdk.proxy2.$Proxy14.findElement(Unknown Source)
	at org.openqa.selenium.support.events.EventFiringWebDriver.findElement(EventFiringWebDriver.java:194)
	at org.openqa.selenium.support.pagefactory.DefaultElementLocator.findElement(DefaultElementLocator.java:69)
	at org.openqa.selenium.support.pagefactory.internal.LocatingElementHandler.invoke(LocatingElementHandler.java:38)
	at jdk.proxy2/jdk.proxy2.$Proxy18.isDisplayed(Unknown Source)
	at com.guru.pages.LoginPage.confirm(LoginPage.java:55)
	at com.guru.testcases.LoginPageTest.LoginTest(LoginPageTest.java:97)
	at java.base/java.util.ArrayList.forEach(ArrayList.java:1511)
... Removed 31 stack frames
</div> <!-- stack-trace -->
                </div> <!-- method-content -->
              </div> <!-- method -->
            </div> <!-- main-panel-content rounded-window-bottom -->
          </div> <!-- suite-Guru_Project_test-class-failed -->
          <div class="suite-Guru_Project_test-class-passed">
            <div class="main-panel-header rounded-window-top">
              <img src="passed.png"/>
              <span class="class-name">com.guru.testcases.LoginPageTest</span>
            </div> <!-- main-panel-header rounded-window-top -->
            <div class="main-panel-content rounded-window-bottom">
              <div class="method">
                <div class="method-content">
                  <a name="LoginTest(mngr344718, ydAgyme)">
                  </a> <!-- LoginTest(mngr344718, ydAgyme) -->
                  <span class="method-name">LoginTest</span>
                  <span class="parameters">(mngr344718, ydAgyme)</span>
                </div> <!-- method-content -->
              </div> <!-- method -->
              <div class="method">
                <div class="method-content">
                  <a name="LogoTest">
                  </a> <!-- LogoTest -->
                  <span class="method-name">LogoTest</span>
                </div> <!-- method-content -->
              </div> <!-- method -->
              <div class="method">
                <div class="method-content">
                  <a name="TitleTest">
                  </a> <!-- TitleTest -->
                  <span class="method-name">TitleTest</span>
                </div> <!-- method-content -->
              </div> <!-- method -->
              <div class="method">
                <div class="method-content">
                  <a name="URLTest">
                  </a> <!-- URLTest -->
                  <span class="method-name">URLTest</span>
                </div> <!-- method-content -->
              </div> <!-- method -->
            </div> <!-- main-panel-content rounded-window-bottom -->
          </div> <!-- suite-Guru_Project_test-class-passed -->
        </div> <!-- panel Guru_Project_test -->
        <div panel-name="test-xml-Guru_Project_test" class="panel">
          <div class="main-panel-header rounded-window-top">
            <span class="header-content">E:\workspace\GuruProject\testng.xml</span>
          </div> <!-- main-panel-header rounded-window-top -->
          <div class="main-panel-content rounded-window-bottom">
            <pre>
&lt;?xml version=&quot;1.0&quot; encoding=&quot;UTF-8&quot;?&gt;
&lt;!DOCTYPE suite SYSTEM &quot;https://testng.org/testng-1.0.dtd&quot;&gt;
&lt;suite name=&quot;Guru Project test&quot; guice-stage=&quot;DEVELOPMENT&quot;&gt;
  &lt;test thread-count=&quot;5&quot; name=&quot;end to end&quot;&gt;
    &lt;parameter name=&quot;browser&quot; value=&quot;chrome&quot;/&gt;
    &lt;classes&gt;
      &lt;class name=&quot;com.guru.testcases.config&quot;/&gt;
      &lt;class name=&quot;com.guru.testcases.LoginPageTest&quot;/&gt;
    &lt;/classes&gt;
  &lt;/test&gt; &lt;!-- end to end --&gt;
&lt;/suite&gt; &lt;!-- Guru Project test --&gt;
            </pre>
          </div> <!-- main-panel-content rounded-window-bottom -->
        </div> <!-- panel -->
        <div panel-name="testlist-Guru_Project_test" class="panel">
          <div class="main-panel-header rounded-window-top">
            <span class="header-content">Tests for Guru Project test</span>
          </div> <!-- main-panel-header rounded-window-top -->
          <div class="main-panel-content rounded-window-bottom">
            <ul>
              <li>
                <span class="test-name">end to end (2 classes)</span>
              </li>
            </ul>
          </div> <!-- main-panel-content rounded-window-bottom -->
        </div> <!-- panel -->
        <div panel-name="group-Guru_Project_test" class="panel">
          <div class="main-panel-header rounded-window-top">
            <span class="header-content">Groups for Guru Project test</span>
          </div> <!-- main-panel-header rounded-window-top -->
          <div class="main-panel-content rounded-window-bottom">
          </div> <!-- main-panel-content rounded-window-bottom -->
        </div> <!-- panel -->
        <div panel-name="times-Guru_Project_test" class="panel">
          <div class="main-panel-header rounded-window-top">
            <span class="header-content">Times for Guru Project test</span>
          </div> <!-- main-panel-header rounded-window-top -->
          <div class="main-panel-content rounded-window-bottom">
            <div class="times-div">
              <script type="text/javascript">
suiteTableInitFunctions.push('tableData_Guru_Project_test');
function tableData_Guru_Project_test() {
var data = new google.visualization.DataTable();
data.addColumn('number', 'Number');
data.addColumn('string', 'Method');
data.addColumn('string', 'Class');
data.addColumn('number', 'Time (ms)');
data.addRows(6);
data.setCell(0, 0, 0)
data.setCell(0, 1, 'LoginTest')
data.setCell(0, 2, 'com.guru.testcases.LoginPageTest')
data.setCell(0, 3, 2857);
data.setCell(1, 0, 1)
data.setCell(1, 1, 'LoginTest')
data.setCell(1, 2, 'com.guru.testcases.LoginPageTest')
data.setCell(1, 3, 1135);
data.setCell(2, 0, 2)
data.setCell(2, 1, 'LoginTest')
data.setCell(2, 2, 'com.guru.testcases.LoginPageTest')
data.setCell(2, 3, 1032);
data.setCell(3, 0, 3)
data.setCell(3, 1, 'LogoTest')
data.setCell(3, 2, 'com.guru.testcases.LoginPageTest')
data.setCell(3, 3, 114);
data.setCell(4, 0, 4)
data.setCell(4, 1, 'TitleTest')
data.setCell(4, 2, 'com.guru.testcases.LoginPageTest')
data.setCell(4, 3, 28);
data.setCell(5, 0, 5)
data.setCell(5, 1, 'URLTest')
data.setCell(5, 2, 'com.guru.testcases.LoginPageTest')
data.setCell(5, 3, 10);
window.suiteTableData['Guru_Project_test']= { tableData: data, tableDiv: 'times-div-Guru_Project_test'}
return data;
}
              </script>
              <span class="suite-total-time">Total running time: 5 seconds</span>
              <div id="times-div-Guru_Project_test">
              </div> <!-- times-div-Guru_Project_test -->
            </div> <!-- times-div -->
          </div> <!-- main-panel-content rounded-window-bottom -->
        </div> <!-- panel -->
        <div panel-name="reporter-Guru_Project_test" class="panel">
          <div class="main-panel-header rounded-window-top">
            <span class="header-content">Reporter output for Guru Project test</span>
          </div> <!-- main-panel-header rounded-window-top -->
          <div class="main-panel-content rounded-window-bottom">
          </div> <!-- main-panel-content rounded-window-bottom -->
        </div> <!-- panel -->
        <div panel-name="ignored-methods-Guru_Project_test" class="panel">
          <div class="main-panel-header rounded-window-top">
            <span class="header-content">0 ignored methods</span>
          </div> <!-- main-panel-header rounded-window-top -->
          <div class="main-panel-content rounded-window-bottom">
          </div> <!-- main-panel-content rounded-window-bottom -->
        </div> <!-- panel -->
        <div panel-name="chronological-Guru_Project_test" class="panel">
          <div class="main-panel-header rounded-window-top">
            <span class="header-content">Methods in chronological order</span>
          </div> <!-- main-panel-header rounded-window-top -->
          <div class="main-panel-content rounded-window-bottom">
            <div class="chronological-class">
              <div class="chronological-class-name">com.guru.testcases.config</div> <!-- chronological-class-name -->
              <div class="configuration-suite before">
                <span class="method-name">start</span>
                <span class="method-start">0 ms</span>
              </div> <!-- configuration-suite before -->
            </div> <!-- chronological-class -->
            <div class="chronological-class">
              <div class="chronological-class-name">com.guru.testcases.LoginPageTest</div> <!-- chronological-class-name -->
              <div class="configuration-method before">
                <span class="method-name">setup(chrome, public void com.guru.testcases.LoginPageTest.TitleTest())</span>
                <span class="method-start">437 ms</span>
              </div> <!-- configuration-method before -->
              <div class="test-method">
                <span class="method-name">TitleTest</span>
                <span class="method-start">5842 ms</span>
              </div> <!-- test-method -->
              <div class="configuration-method after">
                <span class="method-name">TearDown(public void com.guru.testcases.LoginPageTest.TitleTest(), [TestResult name=TitleTest status=SUCCESS ...)</span>
                <span class="method-start">5882 ms</span>
              </div> <!-- configuration-method after -->
              <div class="configuration-method before">
                <span class="method-name">setup(chrome, public void com.guru.testcases.LoginPageTest.URLTest())</span>
                <span class="method-start">8711 ms</span>
              </div> <!-- configuration-method before -->
              <div class="test-method">
                <span class="method-name">URLTest</span>
                <span class="method-start">13045 ms</span>
              </div> <!-- test-method -->
              <div class="configuration-method after">
                <span class="method-name">TearDown(public void com.guru.testcases.LoginPageTest.URLTest(), [TestResult name=URLTest status=SUCCESS meth...)</span>
                <span class="method-start">13057 ms</span>
              </div> <!-- configuration-method after -->
              <div class="configuration-method before">
                <span class="method-name">setup(chrome, public void com.guru.testcases.LoginPageTest.LogoTest())</span>
                <span class="method-start">15885 ms</span>
              </div> <!-- configuration-method before -->
              <div class="test-method">
                <span class="method-name">LogoTest</span>
                <span class="method-start">19927 ms</span>
              </div> <!-- test-method -->
              <div class="configuration-method after">
                <span class="method-name">TearDown(public void com.guru.testcases.LoginPageTest.LogoTest(), [TestResult name=LogoTest status=SUCCESS me...)</span>
                <span class="method-start">20045 ms</span>
              </div> <!-- configuration-method after -->
              <div class="configuration-method before">
                <span class="method-name">setup(chrome, public void com.guru.testcases.LoginPageTest.LoginTest(java.lang.String,java.lang.String))</span>
                <span class="method-start">23700 ms</span>
              </div> <!-- configuration-method before -->
              <div class="test-method">
                <span class="method-name">LoginTest(mngr344718, ydAgyme)</span>
                <span class="method-start">27352 ms</span>
              </div> <!-- test-method -->
              <div class="configuration-method after">
                <span class="method-name">TearDown(public void com.guru.testcases.LoginPageTest.LoginTest(java.lang.String,java.lang.String), [TestResu...)</span>
                <span class="method-start">30217 ms</span>
              </div> <!-- configuration-method after -->
              <div class="configuration-method before">
                <span class="method-name">setup(chrome, public void com.guru.testcases.LoginPageTest.LoginTest(java.lang.String,java.lang.String))</span>
                <span class="method-start">33051 ms</span>
              </div> <!-- configuration-method before -->
              <div class="test-method">
                <img src="failed.png">
                </img>
                <span class="method-name">LoginTest(xxx, ydAgyme)</span>
                <span class="method-start">36818 ms</span>
              </div> <!-- test-method -->
              <div class="configuration-method after">
                <span class="method-name">TearDown(public void com.guru.testcases.LoginPageTest.LoginTest(java.lang.String,java.lang.String), [TestResu...)</span>
                <span class="method-start">37972 ms</span>
              </div> <!-- configuration-method after -->
              <div class="configuration-method before">
                <span class="method-name">setup(chrome, public void com.guru.testcases.LoginPageTest.LoginTest(java.lang.String,java.lang.String))</span>
                <span class="method-start">40725 ms</span>
              </div> <!-- configuration-method before -->
              <div class="test-method">
                <img src="failed.png">
                </img>
                <span class="method-name">LoginTest(mngr344718, xxxx)</span>
                <span class="method-start">44972 ms</span>
              </div> <!-- test-method -->
              <div class="configuration-method after">
                <span class="method-name">TearDown(public void com.guru.testcases.LoginPageTest.LoginTest(java.lang.String,java.lang.String), [TestResu...)</span>
                <span class="method-start">46022 ms</span>
              </div> <!-- configuration-method after -->
            </div> <!-- chronological-class -->
            <div class="chronological-class">
              <div class="chronological-class-name">com.guru.testcases.config</div> <!-- chronological-class-name -->
              <div class="configuration-suite after">
                <span class="method-name">end</span>
                <span class="method-start">48816 ms</span>
              </div> <!-- configuration-suite after -->
          </div> <!-- main-panel-content rounded-window-bottom -->
        </div> <!-- panel -->
      </div> <!-- main-panel-root -->
    </div> <!-- wrapper -->
  </body>
<script type="text/javascript" src="testng-reports2.js"></script>
</html>
